2026-01-02 15:08:00,062 INFO signals Successfully created language preferences for user testuser (ID: 1)
2026-01-02 15:08:00,082 ERROR middleware Exception: No Book matches the given query.
Traceback (most recent call last):
  File "/home/runner/work/lexiflux/lexiflux/.venv/lib/python3.12/site-packages/django/shortcuts.py", line 90, in get_object_or_404
    return queryset.get(*args, **kwargs)
           ^^^^^^^^^^^^^^^^^^^^^^^^^^^^^
  File "/home/runner/work/lexiflux/lexiflux/.venv/lib/python3.12/site-packages/django/db/models/query.py", line 639, in get
    raise self.model.DoesNotExist(
lexiflux.models.Book.DoesNotExist: Book matching query does not exist.

During handling of the above exception, another exception occurred:

Traceback (most recent call last):
  File "/home/runner/work/lexiflux/lexiflux/.venv/lib/python3.12/site-packages/django/core/handlers/base.py", line 198, in _get_response
    response = wrapped_callback(request, *callback_args, **callback_kwargs)
               ^^^^^^^^^^^^^^^^^^^^^^^^^^^^^^^^^^^^^^^^^^^^^^^^^^^^^^^^^^^^
  File "/home/runner/work/lexiflux/lexiflux/lexiflux/auth.py", line 78, in wrapper
    return login_required(view_func)(request, *args, **kwargs)  # type: ignore[arg-type,operator]
           ^^^^^^^^^^^^^^^^^^^^^^^^^^^^^^^^^^^^^^^^^^^^^^^^^^^
  File "/home/runner/work/lexiflux/lexiflux/.venv/lib/python3.12/site-packages/django/contrib/auth/decorators.py", line 59, in _view_wrapper
    return view_func(request, *args, **kwargs)
           ^^^^^^^^^^^^^^^^^^^^^^^^^^^^^^^^^^^
  File "/home/runner/work/lexiflux/lexiflux/.venv/lib/python3.12/site-packages/django/views/decorators/http.py", line 64, in inner
    return func(request, *args, **kwargs)
           ^^^^^^^^^^^^^^^^^^^^^^^^^^^^^^
  File "/home/runner/work/lexiflux/lexiflux/lexiflux/views/reader_views.py", line 420, in link_click
    book = get_object_or_404(Book, code=book_code)
           ^^^^^^^^^^^^^^^^^^^^^^^^^^^^^^^^^^^^^^^
  File "/home/runner/work/lexiflux/lexiflux/.venv/lib/python3.12/site-packages/django/shortcuts.py", line 92, in get_object_or_404
    raise Http404(
django.http.response.Http404: No Book matches the given query.
2026-01-02 15:08:00,084 ERROR log Internal Server Error: /link_click
