2025-11-25 05:01:16,728 INFO apps Lexiflux 2.8.0 is ready.
2025-11-25 05:01:17,055 ERROR google_languages Skipping language group population.
Traceback (most recent call last):
  File "/home/runner/work/lexiflux/lexiflux/.venv/lib/python3.12/site-packages/django/apps/config.py", line 235, in get_model
    return self.models[model_name.lower()]
           ~~~~~~~~~~~^^^^^^^^^^^^^^^^^^^^
KeyError: 'languagegroup'

During handling of the above exception, another exception occurred:

Traceback (most recent call last):
  File "/home/runner/work/lexiflux/lexiflux/lexiflux/language/google_languages.py", line 60, in populate_language_groups
    language_group_class = get_model("lexiflux", "LanguageGroup")
                           ^^^^^^^^^^^^^^^^^^^^^^^^^^^^^^^^^^^^^^
  File "/home/runner/work/lexiflux/lexiflux/.venv/lib/python3.12/site-packages/django/apps/registry.py", line 213, in get_model
    return app_config.get_model(model_name, require_ready=require_ready)
           ^^^^^^^^^^^^^^^^^^^^^^^^^^^^^^^^^^^^^^^^^^^^^^^^^^^^^^^^^^^^^
  File "/home/runner/work/lexiflux/lexiflux/.venv/lib/python3.12/site-packages/django/apps/config.py", line 237, in get_model
    raise LookupError(
LookupError: App 'lexiflux' doesn't have a 'LanguageGroup' model.
2025-11-25 05:01:17,930 WARNING google_languages Warning: Egyptian Arabic not found in the database for group Arabic.
2025-11-25 05:01:19,239 INFO timing Loading from https://example.com/test-page completed in 0.000 seconds
2025-11-25 05:01:19,244 INFO timing Extract metadata completed in 0.004 seconds
2025-11-25 05:01:19,244 INFO timing Extracting IDs with internal links completed in 0.000 seconds
2025-11-25 05:01:19,474 INFO timing Extracting readable HTML completed in 0.230 seconds
2025-11-25 05:01:19,474 INFO timing Parse extracted HTML completed in 0.000 seconds
2025-11-25 05:01:19,474 INFO timing Adding source info completed in 0.000 seconds
2025-11-25 05:01:19,475 INFO timing Cleared HTML completed in 0.000 seconds
2025-11-25 05:01:19,514 INFO timing Iterate over pages and save them completed in 0.002 seconds
