2026-01-12 06:54:20,120 WARNING google_languages Warning: Egyptian Arabic not found in the database for group Arabic.
2026-01-12 06:54:20,500 INFO signals Successfully created language preferences for user testuser (ID: 4)
2026-01-12 06:54:20,508 ERROR import_views Error importing book
Traceback (most recent call last):
  File "/home/runner/work/lexiflux/lexiflux/lexiflux/views/import_views.py", line 46, in import_book
    book = import_file(request)
           ^^^^^^^^^^^^^^^^^^^^
  File "/home/runner/work/lexiflux/lexiflux/lexiflux/views/import_views.py", line 125, in import_file
    book_processor = book_class(tmp_file.name, original_filename=original_filename)
                     ^^^^^^^^^^^^^^^^^^^^^^^^^^^^^^^^^^^^^^^^^^^^^^^^^^^^^^^^^^^^^^
  File "/opt/hostedtoolcache/Python/3.12.12/x64/lib/python3.12/unittest/mock.py", line 1139, in __call__
    return self._mock_call(*args, **kwargs)
           ^^^^^^^^^^^^^^^^^^^^^^^^^^^^^^^^
  File "/opt/hostedtoolcache/Python/3.12.12/x64/lib/python3.12/unittest/mock.py", line 1143, in _mock_call
    return self._execute_mock_call(*args, **kwargs)
           ^^^^^^^^^^^^^^^^^^^^^^^^^^^^^^^^^^^^^^^^
  File "/opt/hostedtoolcache/Python/3.12.12/x64/lib/python3.12/unittest/mock.py", line 1198, in _execute_mock_call
    raise effect
Exception: Test error
